<?xml version="1.0" encoding="UTF-8"?>
<!-- Generated by org.testng.reporters.JUnitReportReporter -->
<testsuite hostname="Chaitanya" failures="0" tests="2" name="testCases.TC001_AccountRegistrationTest" time="2.809" errors="0" timestamp="2024-10-19T23:48:35 IST" skipped="0">
  <testcase classname="testCases.TC001_AccountRegistrationTest" name="verify_account_registration" time="1.586"/>
  <testcase classname="testCases.TC001_AccountRegistrationTest" name="verify_account_registration" time="1.223"/>
</testsuite> <!-- testCases.TC001_AccountRegistrationTest -->
