<?xml version="1.0" encoding="UTF-8"?>
<!-- Generated by org.testng.reporters.JUnitReportReporter -->
<testsuite hostname="Chaitanya" failures="0" tests="2" name="testCases.TC002_LoginTest" time="1.921" errors="0" timestamp="2024-10-19T23:48:35 IST" skipped="0">
  <testcase classname="testCases.TC002_LoginTest" name="verify_login" time="0.895"/>
  <testcase classname="testCases.TC002_LoginTest" name="verify_login" time="1.026"/>
</testsuite> <!-- testCases.TC002_LoginTest -->
