<?xml version="1.0" encoding="UTF-8"?>
<!-- Generated by org.testng.reporters.JUnitReportReporter -->
<testsuite hostname="Chaitanya" failures="0" tests="1" name="testCases.TC002_LoginTest" time="2.791" errors="0" timestamp="2024-10-20T20:51:11 IST" skipped="0">
  <testcase classname="testCases.TC002_LoginTest" name="verify_login" time="2.791"/>
</testsuite> <!-- testCases.TC002_LoginTest -->
